  07sizeflow.c
F:\C_Workout\ch03\Prj07\07sizeflow.c(6,9): warning C4477: 'printf' : 서식 문자열 '%d'에 'int' 형식의 인수가 필요하지만 variadic 인수 1의 형식이 'size_t'입니다.
      F:\C_Workout\ch03\Prj07\07sizeflow.c(6,9):
      서식 문자열에서 '%zd'을(를) 사용하는 것이 좋습니다.
  
F:\C_Workout\ch03\Prj07\07sizeflow.c(7,9): warning C4477: 'printf' : 서식 문자열 '%d'에 'int' 형식의 인수가 필요하지만 variadic 인수 1의 형식이 'size_t'입니다.
      F:\C_Workout\ch03\Prj07\07sizeflow.c(7,9):
      서식 문자열에서 '%zd'을(를) 사용하는 것이 좋습니다.
  
F:\C_Workout\ch03\Prj07\07sizeflow.c(7,9): warning C4477: 'printf' : 서식 문자열 '%d'에 'int' 형식의 인수가 필요하지만 variadic 인수 2의 형식이 'size_t'입니다.
      F:\C_Workout\ch03\Prj07\07sizeflow.c(7,9):
      서식 문자열에서 '%zd'을(를) 사용하는 것이 좋습니다.
  
F:\C_Workout\ch03\Prj07\07sizeflow.c(8,9): warning C4477: 'printf' : 서식 문자열 '%d'에 'int' 형식의 인수가 필요하지만 variadic 인수 1의 형식이 'size_t'입니다.
      F:\C_Workout\ch03\Prj07\07sizeflow.c(8,9):
      서식 문자열에서 '%zd'을(를) 사용하는 것이 좋습니다.
  
F:\C_Workout\ch03\Prj07\07sizeflow.c(8,9): warning C4477: 'printf' : 서식 문자열 '%d'에 'int' 형식의 인수가 필요하지만 variadic 인수 2의 형식이 'size_t'입니다.
      F:\C_Workout\ch03\Prj07\07sizeflow.c(8,9):
      서식 문자열에서 '%zd'을(를) 사용하는 것이 좋습니다.
  
F:\C_Workout\ch03\Prj07\07sizeflow.c(9,9): warning C4477: 'printf' : 서식 문자열 '%d'에 'int' 형식의 인수가 필요하지만 variadic 인수 1의 형식이 'size_t'입니다.
      F:\C_Workout\ch03\Prj07\07sizeflow.c(9,9):
      서식 문자열에서 '%zd'을(를) 사용하는 것이 좋습니다.
  
F:\C_Workout\ch03\Prj07\07sizeflow.c(9,9): warning C4477: 'printf' : 서식 문자열 '%d'에 'int' 형식의 인수가 필요하지만 variadic 인수 2의 형식이 'size_t'입니다.
      F:\C_Workout\ch03\Prj07\07sizeflow.c(9,9):
      서식 문자열에서 '%zd'을(를) 사용하는 것이 좋습니다.
  
F:\C_Workout\ch03\Prj07\07sizeflow.c(10,9): warning C4477: 'printf' : 서식 문자열 '%d'에 'int' 형식의 인수가 필요하지만 variadic 인수 1의 형식이 'size_t'입니다.
      F:\C_Workout\ch03\Prj07\07sizeflow.c(10,9):
      서식 문자열에서 '%zd'을(를) 사용하는 것이 좋습니다.
  
F:\C_Workout\ch03\Prj07\07sizeflow.c(10,9): warning C4477: 'printf' : 서식 문자열 '%d'에 'int' 형식의 인수가 필요하지만 variadic 인수 2의 형식이 'size_t'입니다.
      F:\C_Workout\ch03\Prj07\07sizeflow.c(10,9):
      서식 문자열에서 '%zd'을(를) 사용하는 것이 좋습니다.
  
  Prj07.vcxproj -> F:\C_Workout\ch03\Prj07\x64\Debug\Prj07.exe
